


ARM Macro Assembler    Page 1 


    1 00000000         ;/******************************************************
                       ********************//**
    2 00000000         ; * @file     startup_ARMCM0.s
    3 00000000         ; * @brief    CMSIS Core Device Startup File for
    4 00000000         ; *           ARMCM0 Device Series
    5 00000000         ; * @version  V1.08
    6 00000000         ; * @date     23. November 2012
    7 00000000         ; *
    8 00000000         ; * @note
    9 00000000         ; *
   10 00000000         ; ******************************************************
                       ************************/
   11 00000000         ;/* Copyright (c) 2011 - 2012 ARM LIMITED
   12 00000000         ;
   13 00000000         ;   All rights reserved.
   14 00000000         ;   Redistribution and use in source and binary forms, w
                       ith or without
   15 00000000         ;   modification, are permitted provided that the follow
                       ing conditions are met:
   16 00000000         ;   - Redistributions of source code must retain the abo
                       ve copyright
   17 00000000         ;     notice, this list of conditions and the following 
                       disclaimer.
   18 00000000         ;   - Redistributions in binary form must reproduce the 
                       above copyright
   19 00000000         ;     notice, this list of conditions and the following 
                       disclaimer in the
   20 00000000         ;     documentation and/or other materials provided with
                        the distribution.
   21 00000000         ;   - Neither the name of ARM nor the names of its contr
                       ibutors may be used
   22 00000000         ;     to endorse or promote products derived from this s
                       oftware without
   23 00000000         ;     specific prior written permission.
   24 00000000         ;   *
   25 00000000         ;   THIS SOFTWARE IS PROVIDED BY THE COPYRIGHT HOLDERS A
                       ND CONTRIBUTORS "AS IS"
   26 00000000         ;   AND ANY EXPRESS OR IMPLIED WARRANTIES, INCLUDING, BU
                       T NOT LIMITED TO, THE
   27 00000000         ;   IMPLIED WARRANTIES OF MERCHANTABILITY AND FITNESS FO
                       R A PARTICULAR PURPOSE
   28 00000000         ;   ARE DISCLAIMED. IN NO EVENT SHALL COPYRIGHT HOLDERS 
                       AND CONTRIBUTORS BE
   29 00000000         ;   LIABLE FOR ANY DIRECT, INDIRECT, INCIDENTAL, SPECIAL
                       , EXEMPLARY, OR
   30 00000000         ;   CONSEQUENTIAL DAMAGES (INCLUDING, BUT NOT LIMITED TO
                       , PROCUREMENT OF
   31 00000000         ;   SUBSTITUTE GOODS OR SERVICES; LOSS OF USE, DATA, OR 
                       PROFITS; OR BUSINESS
   32 00000000         ;   INTERRUPTION) HOWEVER CAUSED AND ON ANY THEORY OF LI
                       ABILITY, WHETHER IN
   33 00000000         ;   CONTRACT, STRICT LIABILITY, OR TORT (INCLUDING NEGLI
                       GENCE OR OTHERWISE)
   34 00000000         ;   ARISING IN ANY WAY OUT OF THE USE OF THIS SOFTWARE, 
                       EVEN IF ADVISED OF THE
   35 00000000         ;   POSSIBILITY OF SUCH DAMAGE.
   36 00000000         ;   ----------------------------------------------------
                       -----------------------*/
   37 00000000         ;/*



ARM Macro Assembler    Page 2 


   38 00000000         ;//-------- <<< Use Configuration Wizard in Context Menu
                        >>> ------------------
   39 00000000         ;*/
   40 00000000         
   41 00000000         
   42 00000000         ; <h> Stack Configuration
   43 00000000         ;   <o> Stack Size (in Bytes) <0x0-0xFFFFFFFF:8>
   44 00000000         ; </h>
   45 00000000         
   46 00000000 00000300 
                       Stack_Size
                               EQU              0x00000300
   47 00000000         
   48 00000000                 AREA             STACK, NOINIT, READWRITE, ALIGN
=3
   49 00000000         Stack_Mem
                               SPACE            Stack_Size
   50 00000300         __initial_sp
   51 00000300         
   52 00000300         
   53 00000300         ; <h> Heap Configuration
   54 00000300         ;   <o>  Heap Size (in Bytes) <0x0-0xFFFFFFFF:8>
   55 00000300         ; </h>
   56 00000300         
   57 00000300 00000100 
                       Heap_Size
                               EQU              0x00000100
   58 00000300         
   59 00000300                 AREA             HEAP, NOINIT, READWRITE, ALIGN=
3
   60 00000000         __heap_base
   61 00000000         Heap_Mem
                               SPACE            Heap_Size
   62 00000100         __heap_limit
   63 00000100         
   64 00000100         
   65 00000100                 PRESERVE8
   66 00000100                 THUMB
   67 00000100         
   68 00000100         
   69 00000100         ; Vector Table Mapped to Address 0 at Reset
   70 00000100         
   71 00000100                 AREA             RESET, DATA, READONLY
   72 00000000                 EXPORT           __Vectors
   73 00000000                 EXPORT           __Vectors_End
   74 00000000                 EXPORT           __Vectors_Size
   75 00000000         
   76 00000000 00000000 
                       __Vectors
                               DCD              __initial_sp ; Top of Stack
   77 00000004 00000000        DCD              Reset_Handler ; Reset Handler
   78 00000008 00000000        DCD              NMI_Handler ; NMI Handler
   79 0000000C 00000000        DCD              HardFault_Handler ; Hard Fault 
                                                            Handler
   80 00000010 00000000        DCD              0           ; Reserved
   81 00000014 00000000        DCD              0           ; Reserved
   82 00000018 00000000        DCD              0           ; Reserved
   83 0000001C 00000000        DCD              0           ; Reserved
   84 00000020 00000000        DCD              0           ; Reserved



ARM Macro Assembler    Page 3 


   85 00000024 00000000        DCD              0           ; Reserved
   86 00000028 00000000        DCD              0           ; Reserved
   87 0000002C 00000000        DCD              SVC_Handler ; SVCall Handler
   88 00000030 00000000        DCD              0           ; Reserved
   89 00000034 00000000        DCD              0           ; Reserved
   90 00000038 00000000        DCD              PendSV_Handler ; PendSV Handler
                                                            
   91 0000003C 00000000        DCD              SysTick_Handler 
                                                            ; SysTick Handler
   92 00000040         
   93 00000040         ; External Interrupts
   94 00000040 00000000        DCD              UART0_RX_IRQHandler ; 0
   95 00000044 00000000        DCD              UART0_IRQHandler ; 1
   96 00000048 00000000        DCD              UART12_IRQHandler ; 2
   97 0000004C 00000000        DCD              SSP01_IRQHandler ; 3
   98 00000050 00000000        DCD              SSP23_IIC_IRQHandler ; 4
   99 00000054 00000000        DCD              CAN_IRQHandler ; 5
  100 00000058 00000000        DCD              ECAP0_IRQHandler ; 6
  101 0000005C 00000000        DCD              ECAP1_IRQHandler ; 7
  102 00000060 00000000        DCD              ECAP2_IRQHandler ; 8
  103 00000064 00000000        DCD              EQEP0_IRQHandler ; 9
  104 00000068 00000000        DCD              EQEP1_IRQHandler ; 10
  105 0000006C 00000000        DCD              GPIO_IRQHandler ; 11
  106 00000070 00000000        DCD              DMA_IRQHandler ; 12
  107 00000074 00000000        DCD              COPROC_IRQHandler ; 13
  108 00000078 00000000        DCD              SYS_IRQHandler ; 14
  109 0000007C 00000000        DCD              rsv1_IRQHandler ; 15
  110 00000080 00000000        DCD              TIMER0_IRQHandler ; 16
  111 00000084 00000000        DCD              TIMER1_IRQHandler ; 17
  112 00000088 00000000        DCD              TIMER234_IRQHandler ; 18
  113 0000008C 00000000        DCD              ADC1_IRQHandler ; 19
  114 00000090 00000000        DCD              ADC2_IRQHandler ; 20
  115 00000094 00000000        DCD              ADC3_IRQHandler ; 21
  116 00000098 00000000        DCD              ADC_IRQHandler ; 22
  117 0000009C 00000000        DCD              PWM0_IRQHandler ; 23
  118 000000A0 00000000        DCD              PWM3_IRQHandler ; 24
  119 000000A4 00000000        DCD              PWM4_IRQHandler ; 25
  120 000000A8 00000000        DCD              PWM7_IRQHandler ; 26
  121 000000AC 00000000        DCD              PWM1256_IRQHandler ; 27
  122 000000B0 00000000        DCD              ERU0_IRQHandler ; 28
  123 000000B4 00000000        DCD              ERU1_IRQHandler ; 29
  124 000000B8 00000000        DCD              ERU2_IRQHandler ; 30
  125 000000BC 00000000        DCD              ERU3_IRQHandler ; 31
  126 000000C0         
  127 000000C0         __Vectors_End
  128 000000C0         
  129 000000C0 000000C0 
                       __Vectors_Size
                               EQU              __Vectors_End - __Vectors
  130 000000C0         
  131 000000C0                 AREA             |.text|, CODE, READONLY
  132 00000000         
  133 00000000         
  134 00000000 40022800 
                       DUAL_CORE_ID_ADDR
                               EQU              0x40022800
  135 00000000 58128C01 
                       IS_CORE1
                               EQU              0x58128c01



ARM Macro Assembler    Page 4 


  136 00000000 00000400 
                       MSP_OFFSET
                               EQU              0x400
  137 00000000 40088014 
                       DUAL_CORE_CHECK_ADDR
                               EQU              0x40088014
  138 00000000         
  139 00000000         ; Reset Handler
  140 00000000         
  141 00000000         Reset_Handler
                               PROC
  142 00000000                 EXPORT           Reset_Handler             [WEAK
]
  143 00000000                 IMPORT           SystemInit
  144 00000000                 IMPORT           __main
  145 00000000                 IMPORT           main_c1
  146 00000000 4814            LDR              R0,=DUAL_CORE_ID_ADDR
  147 00000002 6800            LDR              R0,[R0,#0x00]
  148 00000004 4601            MOV              R1,R0
  149 00000006 4814            LDR              R0,=IS_CORE1
  150 00000008 4288            CMP              R0,R1       ; @ Core1 check
  151 0000000A D113            BNE              Core0_Go    ; @ jump for core0
  152 0000000C 4813            LDR              R0,=DUAL_CORE_CHECK_ADDR
  153 0000000E 6800            LDR              R0,[R0,#0x00]
  154 00000010 0F40            LSRS             R0,R0,#29
  155 00000012 1E40            SUBS             R0,R0,#1
  156 00000014 4912            LDR              R1,=0x5AFFFFFF
  157 00000016 4301            ORRS             R1,R1,R0
  158 00000018 460A            MOV              R2,R1
  159 0000001A 4812            LDR              R0,=0x4008105c
  160 0000001C 4912            LDR              R1,=0x05fa659a
  161 0000001E 6001            STR              R1,[R0]
  162 00000020 4812            LDR              R0,=0x40081014
  163 00000022 6002            STR              R2,[R0]
  164 00000024 4912            LDR              R1,=MSP_OFFSET
  165 00000026 F3EF 8008       MRS              R0,MSP      ; @ read pre MSP
  166 0000002A 1840            ADDS             R0,R0,R1
  167 0000002C F380 8808       MSR              MSP,R0      ; @ set new stack a
                                                            ddress
  168 00000030 4810            LDR              R0, =main_c1
  169 00000032 4700            BX               R0
  170 00000034 4810    Core0_Go
                               LDR              R0, =SystemInit
  171 00000036 4780            BLX              R0
  172 00000038 4810            LDR              R0, =__main
  173 0000003A 4700            BX               R0
  174 0000003C                 ENDP
  175 0000003C         
  176 0000003C         
  177 0000003C         ; Dummy Exception Handlers (infinite loops which can be 
                       modified)
  178 0000003C         
  179 0000003C         NMI_Handler
                               PROC
  180 0000003C                 EXPORT           NMI_Handler               [WEAK
]
  181 0000003C E7FE            B                .
  182 0000003E                 ENDP
  184 0000003E         HardFault_Handler



ARM Macro Assembler    Page 5 


                               PROC
  185 0000003E                 EXPORT           HardFault_Handler         [WEAK
]
  186 0000003E E7FE            B                .
  187 00000040                 ENDP
  188 00000040         SVC_Handler
                               PROC
  189 00000040                 EXPORT           SVC_Handler               [WEAK
]
  190 00000040 E7FE            B                .
  191 00000042                 ENDP
  192 00000042         PendSV_Handler
                               PROC
  193 00000042                 EXPORT           PendSV_Handler            [WEAK
]
  194 00000042 E7FE            B                .
  195 00000044                 ENDP
  196 00000044         SysTick_Handler
                               PROC
  197 00000044                 EXPORT           SysTick_Handler           [WEAK
]
  198 00000044 E7FE            B                .
  199 00000046                 ENDP
  200 00000046         
  201 00000046         Default_Handler
                               PROC
  202 00000046         
  203 00000046                 EXPORT           UART0_RX_IRQHandler       [WEAK
]
  204 00000046                 EXPORT           UART0_IRQHandler          [WEAK
]
  205 00000046                 EXPORT           UART12_IRQHandler         [WEAK
]
  206 00000046                 EXPORT           SSP01_IRQHandler          [WEAK
]
  207 00000046                 EXPORT           SSP23_IIC_IRQHandler      [WEAK
]
  208 00000046                 EXPORT           CAN_IRQHandler            [WEAK
]
  209 00000046                 EXPORT           ECAP0_IRQHandler          [WEAK
]
  210 00000046                 EXPORT           ECAP1_IRQHandler          [WEAK
]
  211 00000046                 EXPORT           ECAP2_IRQHandler          [WEAK
]
  212 00000046                 EXPORT           EQEP0_IRQHandler          [WEAK
]
  213 00000046                 EXPORT           EQEP1_IRQHandler          [WEAK
]
  214 00000046                 EXPORT           GPIO_IRQHandler           [WEAK
]
  215 00000046                 EXPORT           DMA_IRQHandler            [WEAK
]
  216 00000046                 EXPORT           COPROC_IRQHandler         [WEAK
]
  217 00000046                 EXPORT           SYS_IRQHandler            [WEAK
]
  218 00000046                 EXPORT           rsv1_IRQHandler           [WEAK
]



ARM Macro Assembler    Page 6 


  219 00000046                 EXPORT           TIMER0_IRQHandler         [WEAK
]
  220 00000046                 EXPORT           TIMER1_IRQHandler         [WEAK
]
  221 00000046                 EXPORT           TIMER234_IRQHandler       [WEAK
]
  222 00000046                 EXPORT           ADC1_IRQHandler           [WEAK
]
  223 00000046                 EXPORT           ADC2_IRQHandler           [WEAK
]
  224 00000046                 EXPORT           ADC3_IRQHandler           [WEAK
]
  225 00000046                 EXPORT           ADC_IRQHandler            [WEAK
]
  226 00000046                 EXPORT           PWM0_IRQHandler           [WEAK
]
  227 00000046                 EXPORT           PWM3_IRQHandler           [WEAK
]
  228 00000046                 EXPORT           PWM4_IRQHandler           [WEAK
]
  229 00000046                 EXPORT           PWM7_IRQHandler           [WEAK
]
  230 00000046                 EXPORT           PWM1256_IRQHandler        [WEAK
]
  231 00000046                 EXPORT           ERU0_IRQHandler           [WEAK
]
  232 00000046                 EXPORT           ERU1_IRQHandler           [WEAK
]
  233 00000046                 EXPORT           ERU2_IRQHandler           [WEAK
]
  234 00000046                 EXPORT           ERU3_IRQHandler           [WEAK
]
  235 00000046         UART0_RX_IRQHandler
  236 00000046         UART0_IRQHandler
  237 00000046         UART12_IRQHandler
  238 00000046         SSP01_IRQHandler
  239 00000046         SSP23_IIC_IRQHandler
  240 00000046         CAN_IRQHandler
  241 00000046         ECAP0_IRQHandler
  242 00000046         ECAP1_IRQHandler
  243 00000046         ECAP2_IRQHandler
  244 00000046         EQEP0_IRQHandler
  245 00000046         EQEP1_IRQHandler
  246 00000046         GPIO_IRQHandler
  247 00000046         DMA_IRQHandler
  248 00000046         COPROC_IRQHandler
  249 00000046         SYS_IRQHandler
  250 00000046         rsv1_IRQHandler
  251 00000046         TIMER0_IRQHandler
  252 00000046         TIMER1_IRQHandler
  253 00000046         TIMER234_IRQHandler
  254 00000046         ADC1_IRQHandler
  255 00000046         ADC2_IRQHandler
  256 00000046         ADC3_IRQHandler
  257 00000046         ADC_IRQHandler
  258 00000046         PWM0_IRQHandler
  259 00000046         PWM3_IRQHandler
  260 00000046         PWM4_IRQHandler
  261 00000046         PWM7_IRQHandler



ARM Macro Assembler    Page 7 


  262 00000046         PWM1256_IRQHandler
  263 00000046         ERU0_IRQHandler
  264 00000046         ERU1_IRQHandler
  265 00000046         ERU2_IRQHandler
  266 00000046         ERU3_IRQHandler
  267 00000046 E7FE            B                .
  268 00000048         
  269 00000048                 ENDP
  270 00000048         
  271 00000048         
  272 00000048                 ALIGN
  273 00000048         
  274 00000048         
  275 00000048         ; User Initial Stack & Heap
  276 00000048         
  277 00000048                 IF               :DEF:__MICROLIB
  284 00000048         
  285 00000048                 IMPORT           __use_two_region_memory
  286 00000048                 EXPORT           __user_initial_stackheap
  287 00000048         
  288 00000048         __user_initial_stackheap
                               PROC
  289 00000048 480D            LDR              R0, = Heap_Mem
  290 0000004A 490E            LDR              R1, = (Stack_Mem + Stack_Size)
  291 0000004C 4A0E            LDR              R2, = (Heap_Mem + Heap_Size)
  292 0000004E 4B0F            LDR              R3, = Stack_Mem
  293 00000050 4770            BX               LR
  294 00000052                 ENDP
  295 00000052         
  296 00000052 00 00           ALIGN
  297 00000054         
  298 00000054                 ENDIF
  299 00000054         
  300 00000054         
  301 00000054                 END
              40022800 
              58128C01 
              40088014 
              5AFFFFFF 
              4008105C 
              05FA659A 
              40081014 
              00000400 
              00000000 
              00000000 
              00000000 
              00000000 
              00000300 
              00000100 
              00000000 
Command Line: --debug --xref --diag_suppress=9931 --cpu=Cortex-M0 --apcs=interw
ork --depend=.\objects\startup_sc32f58128.d -o.\objects\startup_sc32f58128.o -I
.\RTE\_Target_1 -IC:\Keil_v5\ARM\PACK\ARM\CMSIS\5.6.0\CMSIS\Core\Include -IC:\K
eil_v5\ARM\PACK\Keil\SC32F58xx_DFP\1.3.0\Device\Include -IC:\Keil_v5\ARM\PACK\K
eil\SC32F58xx_DFP\1.3.0\Driver\include --predefine="__EVAL SETA 1" --predefine=
"__UVISION_VERSION SETA 525" --predefine="_RTE_ SETA 1" --list=.\listings\start
up_sc32f58128.lst C:\Keil_v5\ARM\PACK\Keil\SC32F58xx_DFP\1.3.0\Device\Source\AR
M\startup_SC32F58128.s



ARM Macro Assembler    Page 1 Alphabetic symbol ordering
Relocatable symbols

STACK 00000000

Symbol: STACK
   Definitions
      At line 48 in file C:\Keil_v5\ARM\PACK\Keil\SC32F58xx_DFP\1.3.0\Device\So
urce\ARM\startup_SC32F58128.s
   Uses
      None
Comment: STACK unused
Stack_Mem 00000000

Symbol: Stack_Mem
   Definitions
      At line 49 in file C:\Keil_v5\ARM\PACK\Keil\SC32F58xx_DFP\1.3.0\Device\So
urce\ARM\startup_SC32F58128.s
   Uses
      At line 290 in file C:\Keil_v5\ARM\PACK\Keil\SC32F58xx_DFP\1.3.0\Device\S
ource\ARM\startup_SC32F58128.s
      At line 292 in file C:\Keil_v5\ARM\PACK\Keil\SC32F58xx_DFP\1.3.0\Device\S
ource\ARM\startup_SC32F58128.s

__initial_sp 00000300

Symbol: __initial_sp
   Definitions
      At line 50 in file C:\Keil_v5\ARM\PACK\Keil\SC32F58xx_DFP\1.3.0\Device\So
urce\ARM\startup_SC32F58128.s
   Uses
      At line 76 in file C:\Keil_v5\ARM\PACK\Keil\SC32F58xx_DFP\1.3.0\Device\So
urce\ARM\startup_SC32F58128.s
Comment: __initial_sp used once
3 symbols



ARM Macro Assembler    Page 1 Alphabetic symbol ordering
Relocatable symbols

HEAP 00000000

Symbol: HEAP
   Definitions
      At line 59 in file C:\Keil_v5\ARM\PACK\Keil\SC32F58xx_DFP\1.3.0\Device\So
urce\ARM\startup_SC32F58128.s
   Uses
      None
Comment: HEAP unused
Heap_Mem 00000000

Symbol: Heap_Mem
   Definitions
      At line 61 in file C:\Keil_v5\ARM\PACK\Keil\SC32F58xx_DFP\1.3.0\Device\So
urce\ARM\startup_SC32F58128.s
   Uses
      At line 289 in file C:\Keil_v5\ARM\PACK\Keil\SC32F58xx_DFP\1.3.0\Device\S
ource\ARM\startup_SC32F58128.s
      At line 291 in file C:\Keil_v5\ARM\PACK\Keil\SC32F58xx_DFP\1.3.0\Device\S
ource\ARM\startup_SC32F58128.s

__heap_base 00000000

Symbol: __heap_base
   Definitions
      At line 60 in file C:\Keil_v5\ARM\PACK\Keil\SC32F58xx_DFP\1.3.0\Device\So
urce\ARM\startup_SC32F58128.s
   Uses
      None
Comment: __heap_base unused
__heap_limit 00000100

Symbol: __heap_limit
   Definitions
      At line 62 in file C:\Keil_v5\ARM\PACK\Keil\SC32F58xx_DFP\1.3.0\Device\So
urce\ARM\startup_SC32F58128.s
   Uses
      None
Comment: __heap_limit unused
4 symbols



ARM Macro Assembler    Page 1 Alphabetic symbol ordering
Relocatable symbols

RESET 00000000

Symbol: RESET
   Definitions
      At line 71 in file C:\Keil_v5\ARM\PACK\Keil\SC32F58xx_DFP\1.3.0\Device\So
urce\ARM\startup_SC32F58128.s
   Uses
      None
Comment: RESET unused
__Vectors 00000000

Symbol: __Vectors
   Definitions
      At line 76 in file C:\Keil_v5\ARM\PACK\Keil\SC32F58xx_DFP\1.3.0\Device\So
urce\ARM\startup_SC32F58128.s
   Uses
      At line 72 in file C:\Keil_v5\ARM\PACK\Keil\SC32F58xx_DFP\1.3.0\Device\So
urce\ARM\startup_SC32F58128.s
      At line 129 in file C:\Keil_v5\ARM\PACK\Keil\SC32F58xx_DFP\1.3.0\Device\S
ource\ARM\startup_SC32F58128.s

__Vectors_End 000000C0

Symbol: __Vectors_End
   Definitions
      At line 127 in file C:\Keil_v5\ARM\PACK\Keil\SC32F58xx_DFP\1.3.0\Device\S
ource\ARM\startup_SC32F58128.s
   Uses
      At line 73 in file C:\Keil_v5\ARM\PACK\Keil\SC32F58xx_DFP\1.3.0\Device\So
urce\ARM\startup_SC32F58128.s
      At line 129 in file C:\Keil_v5\ARM\PACK\Keil\SC32F58xx_DFP\1.3.0\Device\S
ource\ARM\startup_SC32F58128.s

3 symbols



ARM Macro Assembler    Page 1 Alphabetic symbol ordering
Relocatable symbols

.text 00000000

Symbol: .text
   Definitions
      At line 131 in file C:\Keil_v5\ARM\PACK\Keil\SC32F58xx_DFP\1.3.0\Device\S
ource\ARM\startup_SC32F58128.s
   Uses
      None
Comment: .text unused
ADC1_IRQHandler 00000046

Symbol: ADC1_IRQHandler
   Definitions
      At line 254 in file C:\Keil_v5\ARM\PACK\Keil\SC32F58xx_DFP\1.3.0\Device\S
ource\ARM\startup_SC32F58128.s
   Uses
      At line 113 in file C:\Keil_v5\ARM\PACK\Keil\SC32F58xx_DFP\1.3.0\Device\S
ource\ARM\startup_SC32F58128.s
      At line 222 in file C:\Keil_v5\ARM\PACK\Keil\SC32F58xx_DFP\1.3.0\Device\S
ource\ARM\startup_SC32F58128.s

ADC2_IRQHandler 00000046

Symbol: ADC2_IRQHandler
   Definitions
      At line 255 in file C:\Keil_v5\ARM\PACK\Keil\SC32F58xx_DFP\1.3.0\Device\S
ource\ARM\startup_SC32F58128.s
   Uses
      At line 114 in file C:\Keil_v5\ARM\PACK\Keil\SC32F58xx_DFP\1.3.0\Device\S
ource\ARM\startup_SC32F58128.s
      At line 223 in file C:\Keil_v5\ARM\PACK\Keil\SC32F58xx_DFP\1.3.0\Device\S
ource\ARM\startup_SC32F58128.s

ADC3_IRQHandler 00000046

Symbol: ADC3_IRQHandler
   Definitions
      At line 256 in file C:\Keil_v5\ARM\PACK\Keil\SC32F58xx_DFP\1.3.0\Device\S
ource\ARM\startup_SC32F58128.s
   Uses
      At line 115 in file C:\Keil_v5\ARM\PACK\Keil\SC32F58xx_DFP\1.3.0\Device\S
ource\ARM\startup_SC32F58128.s
      At line 224 in file C:\Keil_v5\ARM\PACK\Keil\SC32F58xx_DFP\1.3.0\Device\S
ource\ARM\startup_SC32F58128.s

ADC_IRQHandler 00000046

Symbol: ADC_IRQHandler
   Definitions
      At line 257 in file C:\Keil_v5\ARM\PACK\Keil\SC32F58xx_DFP\1.3.0\Device\S
ource\ARM\startup_SC32F58128.s
   Uses
      At line 116 in file C:\Keil_v5\ARM\PACK\Keil\SC32F58xx_DFP\1.3.0\Device\S
ource\ARM\startup_SC32F58128.s
      At line 225 in file C:\Keil_v5\ARM\PACK\Keil\SC32F58xx_DFP\1.3.0\Device\S
ource\ARM\startup_SC32F58128.s

CAN_IRQHandler 00000046




ARM Macro Assembler    Page 2 Alphabetic symbol ordering
Relocatable symbols

Symbol: CAN_IRQHandler
   Definitions
      At line 240 in file C:\Keil_v5\ARM\PACK\Keil\SC32F58xx_DFP\1.3.0\Device\S
ource\ARM\startup_SC32F58128.s
   Uses
      At line 99 in file C:\Keil_v5\ARM\PACK\Keil\SC32F58xx_DFP\1.3.0\Device\So
urce\ARM\startup_SC32F58128.s
      At line 208 in file C:\Keil_v5\ARM\PACK\Keil\SC32F58xx_DFP\1.3.0\Device\S
ource\ARM\startup_SC32F58128.s

COPROC_IRQHandler 00000046

Symbol: COPROC_IRQHandler
   Definitions
      At line 248 in file C:\Keil_v5\ARM\PACK\Keil\SC32F58xx_DFP\1.3.0\Device\S
ource\ARM\startup_SC32F58128.s
   Uses
      At line 107 in file C:\Keil_v5\ARM\PACK\Keil\SC32F58xx_DFP\1.3.0\Device\S
ource\ARM\startup_SC32F58128.s
      At line 216 in file C:\Keil_v5\ARM\PACK\Keil\SC32F58xx_DFP\1.3.0\Device\S
ource\ARM\startup_SC32F58128.s

Core0_Go 00000034

Symbol: Core0_Go
   Definitions
      At line 170 in file C:\Keil_v5\ARM\PACK\Keil\SC32F58xx_DFP\1.3.0\Device\S
ource\ARM\startup_SC32F58128.s
   Uses
      At line 151 in file C:\Keil_v5\ARM\PACK\Keil\SC32F58xx_DFP\1.3.0\Device\S
ource\ARM\startup_SC32F58128.s
Comment: Core0_Go used once
DMA_IRQHandler 00000046

Symbol: DMA_IRQHandler
   Definitions
      At line 247 in file C:\Keil_v5\ARM\PACK\Keil\SC32F58xx_DFP\1.3.0\Device\S
ource\ARM\startup_SC32F58128.s
   Uses
      At line 106 in file C:\Keil_v5\ARM\PACK\Keil\SC32F58xx_DFP\1.3.0\Device\S
ource\ARM\startup_SC32F58128.s
      At line 215 in file C:\Keil_v5\ARM\PACK\Keil\SC32F58xx_DFP\1.3.0\Device\S
ource\ARM\startup_SC32F58128.s

Default_Handler 00000046

Symbol: Default_Handler
   Definitions
      At line 201 in file C:\Keil_v5\ARM\PACK\Keil\SC32F58xx_DFP\1.3.0\Device\S
ource\ARM\startup_SC32F58128.s
   Uses
      None
Comment: Default_Handler unused
ECAP0_IRQHandler 00000046

Symbol: ECAP0_IRQHandler
   Definitions
      At line 241 in file C:\Keil_v5\ARM\PACK\Keil\SC32F58xx_DFP\1.3.0\Device\S
ource\ARM\startup_SC32F58128.s



ARM Macro Assembler    Page 3 Alphabetic symbol ordering
Relocatable symbols

   Uses
      At line 100 in file C:\Keil_v5\ARM\PACK\Keil\SC32F58xx_DFP\1.3.0\Device\S
ource\ARM\startup_SC32F58128.s
      At line 209 in file C:\Keil_v5\ARM\PACK\Keil\SC32F58xx_DFP\1.3.0\Device\S
ource\ARM\startup_SC32F58128.s

ECAP1_IRQHandler 00000046

Symbol: ECAP1_IRQHandler
   Definitions
      At line 242 in file C:\Keil_v5\ARM\PACK\Keil\SC32F58xx_DFP\1.3.0\Device\S
ource\ARM\startup_SC32F58128.s
   Uses
      At line 101 in file C:\Keil_v5\ARM\PACK\Keil\SC32F58xx_DFP\1.3.0\Device\S
ource\ARM\startup_SC32F58128.s
      At line 210 in file C:\Keil_v5\ARM\PACK\Keil\SC32F58xx_DFP\1.3.0\Device\S
ource\ARM\startup_SC32F58128.s

ECAP2_IRQHandler 00000046

Symbol: ECAP2_IRQHandler
   Definitions
      At line 243 in file C:\Keil_v5\ARM\PACK\Keil\SC32F58xx_DFP\1.3.0\Device\S
ource\ARM\startup_SC32F58128.s
   Uses
      At line 102 in file C:\Keil_v5\ARM\PACK\Keil\SC32F58xx_DFP\1.3.0\Device\S
ource\ARM\startup_SC32F58128.s
      At line 211 in file C:\Keil_v5\ARM\PACK\Keil\SC32F58xx_DFP\1.3.0\Device\S
ource\ARM\startup_SC32F58128.s

EQEP0_IRQHandler 00000046

Symbol: EQEP0_IRQHandler
   Definitions
      At line 244 in file C:\Keil_v5\ARM\PACK\Keil\SC32F58xx_DFP\1.3.0\Device\S
ource\ARM\startup_SC32F58128.s
   Uses
      At line 103 in file C:\Keil_v5\ARM\PACK\Keil\SC32F58xx_DFP\1.3.0\Device\S
ource\ARM\startup_SC32F58128.s
      At line 212 in file C:\Keil_v5\ARM\PACK\Keil\SC32F58xx_DFP\1.3.0\Device\S
ource\ARM\startup_SC32F58128.s

EQEP1_IRQHandler 00000046

Symbol: EQEP1_IRQHandler
   Definitions
      At line 245 in file C:\Keil_v5\ARM\PACK\Keil\SC32F58xx_DFP\1.3.0\Device\S
ource\ARM\startup_SC32F58128.s
   Uses
      At line 104 in file C:\Keil_v5\ARM\PACK\Keil\SC32F58xx_DFP\1.3.0\Device\S
ource\ARM\startup_SC32F58128.s
      At line 213 in file C:\Keil_v5\ARM\PACK\Keil\SC32F58xx_DFP\1.3.0\Device\S
ource\ARM\startup_SC32F58128.s

ERU0_IRQHandler 00000046

Symbol: ERU0_IRQHandler
   Definitions
      At line 263 in file C:\Keil_v5\ARM\PACK\Keil\SC32F58xx_DFP\1.3.0\Device\S



ARM Macro Assembler    Page 4 Alphabetic symbol ordering
Relocatable symbols

ource\ARM\startup_SC32F58128.s
   Uses
      At line 122 in file C:\Keil_v5\ARM\PACK\Keil\SC32F58xx_DFP\1.3.0\Device\S
ource\ARM\startup_SC32F58128.s
      At line 231 in file C:\Keil_v5\ARM\PACK\Keil\SC32F58xx_DFP\1.3.0\Device\S
ource\ARM\startup_SC32F58128.s

ERU1_IRQHandler 00000046

Symbol: ERU1_IRQHandler
   Definitions
      At line 264 in file C:\Keil_v5\ARM\PACK\Keil\SC32F58xx_DFP\1.3.0\Device\S
ource\ARM\startup_SC32F58128.s
   Uses
      At line 123 in file C:\Keil_v5\ARM\PACK\Keil\SC32F58xx_DFP\1.3.0\Device\S
ource\ARM\startup_SC32F58128.s
      At line 232 in file C:\Keil_v5\ARM\PACK\Keil\SC32F58xx_DFP\1.3.0\Device\S
ource\ARM\startup_SC32F58128.s

ERU2_IRQHandler 00000046

Symbol: ERU2_IRQHandler
   Definitions
      At line 265 in file C:\Keil_v5\ARM\PACK\Keil\SC32F58xx_DFP\1.3.0\Device\S
ource\ARM\startup_SC32F58128.s
   Uses
      At line 124 in file C:\Keil_v5\ARM\PACK\Keil\SC32F58xx_DFP\1.3.0\Device\S
ource\ARM\startup_SC32F58128.s
      At line 233 in file C:\Keil_v5\ARM\PACK\Keil\SC32F58xx_DFP\1.3.0\Device\S
ource\ARM\startup_SC32F58128.s

ERU3_IRQHandler 00000046

Symbol: ERU3_IRQHandler
   Definitions
      At line 266 in file C:\Keil_v5\ARM\PACK\Keil\SC32F58xx_DFP\1.3.0\Device\S
ource\ARM\startup_SC32F58128.s
   Uses
      At line 125 in file C:\Keil_v5\ARM\PACK\Keil\SC32F58xx_DFP\1.3.0\Device\S
ource\ARM\startup_SC32F58128.s
      At line 234 in file C:\Keil_v5\ARM\PACK\Keil\SC32F58xx_DFP\1.3.0\Device\S
ource\ARM\startup_SC32F58128.s

GPIO_IRQHandler 00000046

Symbol: GPIO_IRQHandler
   Definitions
      At line 246 in file C:\Keil_v5\ARM\PACK\Keil\SC32F58xx_DFP\1.3.0\Device\S
ource\ARM\startup_SC32F58128.s
   Uses
      At line 105 in file C:\Keil_v5\ARM\PACK\Keil\SC32F58xx_DFP\1.3.0\Device\S
ource\ARM\startup_SC32F58128.s
      At line 214 in file C:\Keil_v5\ARM\PACK\Keil\SC32F58xx_DFP\1.3.0\Device\S
ource\ARM\startup_SC32F58128.s

HardFault_Handler 0000003E

Symbol: HardFault_Handler
   Definitions



ARM Macro Assembler    Page 5 Alphabetic symbol ordering
Relocatable symbols

      At line 184 in file C:\Keil_v5\ARM\PACK\Keil\SC32F58xx_DFP\1.3.0\Device\S
ource\ARM\startup_SC32F58128.s
   Uses
      At line 79 in file C:\Keil_v5\ARM\PACK\Keil\SC32F58xx_DFP\1.3.0\Device\So
urce\ARM\startup_SC32F58128.s
      At line 185 in file C:\Keil_v5\ARM\PACK\Keil\SC32F58xx_DFP\1.3.0\Device\S
ource\ARM\startup_SC32F58128.s

NMI_Handler 0000003C

Symbol: NMI_Handler
   Definitions
      At line 179 in file C:\Keil_v5\ARM\PACK\Keil\SC32F58xx_DFP\1.3.0\Device\S
ource\ARM\startup_SC32F58128.s
   Uses
      At line 78 in file C:\Keil_v5\ARM\PACK\Keil\SC32F58xx_DFP\1.3.0\Device\So
urce\ARM\startup_SC32F58128.s
      At line 180 in file C:\Keil_v5\ARM\PACK\Keil\SC32F58xx_DFP\1.3.0\Device\S
ource\ARM\startup_SC32F58128.s

PWM0_IRQHandler 00000046

Symbol: PWM0_IRQHandler
   Definitions
      At line 258 in file C:\Keil_v5\ARM\PACK\Keil\SC32F58xx_DFP\1.3.0\Device\S
ource\ARM\startup_SC32F58128.s
   Uses
      At line 117 in file C:\Keil_v5\ARM\PACK\Keil\SC32F58xx_DFP\1.3.0\Device\S
ource\ARM\startup_SC32F58128.s
      At line 226 in file C:\Keil_v5\ARM\PACK\Keil\SC32F58xx_DFP\1.3.0\Device\S
ource\ARM\startup_SC32F58128.s

PWM1256_IRQHandler 00000046

Symbol: PWM1256_IRQHandler
   Definitions
      At line 262 in file C:\Keil_v5\ARM\PACK\Keil\SC32F58xx_DFP\1.3.0\Device\S
ource\ARM\startup_SC32F58128.s
   Uses
      At line 121 in file C:\Keil_v5\ARM\PACK\Keil\SC32F58xx_DFP\1.3.0\Device\S
ource\ARM\startup_SC32F58128.s
      At line 230 in file C:\Keil_v5\ARM\PACK\Keil\SC32F58xx_DFP\1.3.0\Device\S
ource\ARM\startup_SC32F58128.s

PWM3_IRQHandler 00000046

Symbol: PWM3_IRQHandler
   Definitions
      At line 259 in file C:\Keil_v5\ARM\PACK\Keil\SC32F58xx_DFP\1.3.0\Device\S
ource\ARM\startup_SC32F58128.s
   Uses
      At line 118 in file C:\Keil_v5\ARM\PACK\Keil\SC32F58xx_DFP\1.3.0\Device\S
ource\ARM\startup_SC32F58128.s
      At line 227 in file C:\Keil_v5\ARM\PACK\Keil\SC32F58xx_DFP\1.3.0\Device\S
ource\ARM\startup_SC32F58128.s

PWM4_IRQHandler 00000046

Symbol: PWM4_IRQHandler



ARM Macro Assembler    Page 6 Alphabetic symbol ordering
Relocatable symbols

   Definitions
      At line 260 in file C:\Keil_v5\ARM\PACK\Keil\SC32F58xx_DFP\1.3.0\Device\S
ource\ARM\startup_SC32F58128.s
   Uses
      At line 119 in file C:\Keil_v5\ARM\PACK\Keil\SC32F58xx_DFP\1.3.0\Device\S
ource\ARM\startup_SC32F58128.s
      At line 228 in file C:\Keil_v5\ARM\PACK\Keil\SC32F58xx_DFP\1.3.0\Device\S
ource\ARM\startup_SC32F58128.s

PWM7_IRQHandler 00000046

Symbol: PWM7_IRQHandler
   Definitions
      At line 261 in file C:\Keil_v5\ARM\PACK\Keil\SC32F58xx_DFP\1.3.0\Device\S
ource\ARM\startup_SC32F58128.s
   Uses
      At line 120 in file C:\Keil_v5\ARM\PACK\Keil\SC32F58xx_DFP\1.3.0\Device\S
ource\ARM\startup_SC32F58128.s
      At line 229 in file C:\Keil_v5\ARM\PACK\Keil\SC32F58xx_DFP\1.3.0\Device\S
ource\ARM\startup_SC32F58128.s

PendSV_Handler 00000042

Symbol: PendSV_Handler
   Definitions
      At line 192 in file C:\Keil_v5\ARM\PACK\Keil\SC32F58xx_DFP\1.3.0\Device\S
ource\ARM\startup_SC32F58128.s
   Uses
      At line 90 in file C:\Keil_v5\ARM\PACK\Keil\SC32F58xx_DFP\1.3.0\Device\So
urce\ARM\startup_SC32F58128.s
      At line 193 in file C:\Keil_v5\ARM\PACK\Keil\SC32F58xx_DFP\1.3.0\Device\S
ource\ARM\startup_SC32F58128.s

Reset_Handler 00000000

Symbol: Reset_Handler
   Definitions
      At line 141 in file C:\Keil_v5\ARM\PACK\Keil\SC32F58xx_DFP\1.3.0\Device\S
ource\ARM\startup_SC32F58128.s
   Uses
      At line 77 in file C:\Keil_v5\ARM\PACK\Keil\SC32F58xx_DFP\1.3.0\Device\So
urce\ARM\startup_SC32F58128.s
      At line 142 in file C:\Keil_v5\ARM\PACK\Keil\SC32F58xx_DFP\1.3.0\Device\S
ource\ARM\startup_SC32F58128.s

SSP01_IRQHandler 00000046

Symbol: SSP01_IRQHandler
   Definitions
      At line 238 in file C:\Keil_v5\ARM\PACK\Keil\SC32F58xx_DFP\1.3.0\Device\S
ource\ARM\startup_SC32F58128.s
   Uses
      At line 97 in file C:\Keil_v5\ARM\PACK\Keil\SC32F58xx_DFP\1.3.0\Device\So
urce\ARM\startup_SC32F58128.s
      At line 206 in file C:\Keil_v5\ARM\PACK\Keil\SC32F58xx_DFP\1.3.0\Device\S
ource\ARM\startup_SC32F58128.s

SSP23_IIC_IRQHandler 00000046




ARM Macro Assembler    Page 7 Alphabetic symbol ordering
Relocatable symbols

Symbol: SSP23_IIC_IRQHandler
   Definitions
      At line 239 in file C:\Keil_v5\ARM\PACK\Keil\SC32F58xx_DFP\1.3.0\Device\S
ource\ARM\startup_SC32F58128.s
   Uses
      At line 98 in file C:\Keil_v5\ARM\PACK\Keil\SC32F58xx_DFP\1.3.0\Device\So
urce\ARM\startup_SC32F58128.s
      At line 207 in file C:\Keil_v5\ARM\PACK\Keil\SC32F58xx_DFP\1.3.0\Device\S
ource\ARM\startup_SC32F58128.s

SVC_Handler 00000040

Symbol: SVC_Handler
   Definitions
      At line 188 in file C:\Keil_v5\ARM\PACK\Keil\SC32F58xx_DFP\1.3.0\Device\S
ource\ARM\startup_SC32F58128.s
   Uses
      At line 87 in file C:\Keil_v5\ARM\PACK\Keil\SC32F58xx_DFP\1.3.0\Device\So
urce\ARM\startup_SC32F58128.s
      At line 189 in file C:\Keil_v5\ARM\PACK\Keil\SC32F58xx_DFP\1.3.0\Device\S
ource\ARM\startup_SC32F58128.s

SYS_IRQHandler 00000046

Symbol: SYS_IRQHandler
   Definitions
      At line 249 in file C:\Keil_v5\ARM\PACK\Keil\SC32F58xx_DFP\1.3.0\Device\S
ource\ARM\startup_SC32F58128.s
   Uses
      At line 108 in file C:\Keil_v5\ARM\PACK\Keil\SC32F58xx_DFP\1.3.0\Device\S
ource\ARM\startup_SC32F58128.s
      At line 217 in file C:\Keil_v5\ARM\PACK\Keil\SC32F58xx_DFP\1.3.0\Device\S
ource\ARM\startup_SC32F58128.s

SysTick_Handler 00000044

Symbol: SysTick_Handler
   Definitions
      At line 196 in file C:\Keil_v5\ARM\PACK\Keil\SC32F58xx_DFP\1.3.0\Device\S
ource\ARM\startup_SC32F58128.s
   Uses
      At line 91 in file C:\Keil_v5\ARM\PACK\Keil\SC32F58xx_DFP\1.3.0\Device\So
urce\ARM\startup_SC32F58128.s
      At line 197 in file C:\Keil_v5\ARM\PACK\Keil\SC32F58xx_DFP\1.3.0\Device\S
ource\ARM\startup_SC32F58128.s

TIMER0_IRQHandler 00000046

Symbol: TIMER0_IRQHandler
   Definitions
      At line 251 in file C:\Keil_v5\ARM\PACK\Keil\SC32F58xx_DFP\1.3.0\Device\S
ource\ARM\startup_SC32F58128.s
   Uses
      At line 110 in file C:\Keil_v5\ARM\PACK\Keil\SC32F58xx_DFP\1.3.0\Device\S
ource\ARM\startup_SC32F58128.s
      At line 219 in file C:\Keil_v5\ARM\PACK\Keil\SC32F58xx_DFP\1.3.0\Device\S
ource\ARM\startup_SC32F58128.s

TIMER1_IRQHandler 00000046



ARM Macro Assembler    Page 8 Alphabetic symbol ordering
Relocatable symbols


Symbol: TIMER1_IRQHandler
   Definitions
      At line 252 in file C:\Keil_v5\ARM\PACK\Keil\SC32F58xx_DFP\1.3.0\Device\S
ource\ARM\startup_SC32F58128.s
   Uses
      At line 111 in file C:\Keil_v5\ARM\PACK\Keil\SC32F58xx_DFP\1.3.0\Device\S
ource\ARM\startup_SC32F58128.s
      At line 220 in file C:\Keil_v5\ARM\PACK\Keil\SC32F58xx_DFP\1.3.0\Device\S
ource\ARM\startup_SC32F58128.s

TIMER234_IRQHandler 00000046

Symbol: TIMER234_IRQHandler
   Definitions
      At line 253 in file C:\Keil_v5\ARM\PACK\Keil\SC32F58xx_DFP\1.3.0\Device\S
ource\ARM\startup_SC32F58128.s
   Uses
      At line 112 in file C:\Keil_v5\ARM\PACK\Keil\SC32F58xx_DFP\1.3.0\Device\S
ource\ARM\startup_SC32F58128.s
      At line 221 in file C:\Keil_v5\ARM\PACK\Keil\SC32F58xx_DFP\1.3.0\Device\S
ource\ARM\startup_SC32F58128.s

UART0_IRQHandler 00000046

Symbol: UART0_IRQHandler
   Definitions
      At line 236 in file C:\Keil_v5\ARM\PACK\Keil\SC32F58xx_DFP\1.3.0\Device\S
ource\ARM\startup_SC32F58128.s
   Uses
      At line 95 in file C:\Keil_v5\ARM\PACK\Keil\SC32F58xx_DFP\1.3.0\Device\So
urce\ARM\startup_SC32F58128.s
      At line 204 in file C:\Keil_v5\ARM\PACK\Keil\SC32F58xx_DFP\1.3.0\Device\S
ource\ARM\startup_SC32F58128.s

UART0_RX_IRQHandler 00000046

Symbol: UART0_RX_IRQHandler
   Definitions
      At line 235 in file C:\Keil_v5\ARM\PACK\Keil\SC32F58xx_DFP\1.3.0\Device\S
ource\ARM\startup_SC32F58128.s
   Uses
      At line 94 in file C:\Keil_v5\ARM\PACK\Keil\SC32F58xx_DFP\1.3.0\Device\So
urce\ARM\startup_SC32F58128.s
      At line 203 in file C:\Keil_v5\ARM\PACK\Keil\SC32F58xx_DFP\1.3.0\Device\S
ource\ARM\startup_SC32F58128.s

UART12_IRQHandler 00000046

Symbol: UART12_IRQHandler
   Definitions
      At line 237 in file C:\Keil_v5\ARM\PACK\Keil\SC32F58xx_DFP\1.3.0\Device\S
ource\ARM\startup_SC32F58128.s
   Uses
      At line 96 in file C:\Keil_v5\ARM\PACK\Keil\SC32F58xx_DFP\1.3.0\Device\So
urce\ARM\startup_SC32F58128.s
      At line 205 in file C:\Keil_v5\ARM\PACK\Keil\SC32F58xx_DFP\1.3.0\Device\S
ource\ARM\startup_SC32F58128.s




ARM Macro Assembler    Page 9 Alphabetic symbol ordering
Relocatable symbols

__user_initial_stackheap 00000048

Symbol: __user_initial_stackheap
   Definitions
      At line 288 in file C:\Keil_v5\ARM\PACK\Keil\SC32F58xx_DFP\1.3.0\Device\S
ource\ARM\startup_SC32F58128.s
   Uses
      At line 286 in file C:\Keil_v5\ARM\PACK\Keil\SC32F58xx_DFP\1.3.0\Device\S
ource\ARM\startup_SC32F58128.s
Comment: __user_initial_stackheap used once
rsv1_IRQHandler 00000046

Symbol: rsv1_IRQHandler
   Definitions
      At line 250 in file C:\Keil_v5\ARM\PACK\Keil\SC32F58xx_DFP\1.3.0\Device\S
ource\ARM\startup_SC32F58128.s
   Uses
      At line 109 in file C:\Keil_v5\ARM\PACK\Keil\SC32F58xx_DFP\1.3.0\Device\S
ource\ARM\startup_SC32F58128.s
      At line 218 in file C:\Keil_v5\ARM\PACK\Keil\SC32F58xx_DFP\1.3.0\Device\S
ource\ARM\startup_SC32F58128.s

42 symbols



ARM Macro Assembler    Page 1 Alphabetic symbol ordering
Absolute symbols

DUAL_CORE_CHECK_ADDR 40088014

Symbol: DUAL_CORE_CHECK_ADDR
   Definitions
      At line 137 in file C:\Keil_v5\ARM\PACK\Keil\SC32F58xx_DFP\1.3.0\Device\S
ource\ARM\startup_SC32F58128.s
   Uses
      At line 152 in file C:\Keil_v5\ARM\PACK\Keil\SC32F58xx_DFP\1.3.0\Device\S
ource\ARM\startup_SC32F58128.s
Comment: DUAL_CORE_CHECK_ADDR used once
DUAL_CORE_ID_ADDR 40022800

Symbol: DUAL_CORE_ID_ADDR
   Definitions
      At line 134 in file C:\Keil_v5\ARM\PACK\Keil\SC32F58xx_DFP\1.3.0\Device\S
ource\ARM\startup_SC32F58128.s
   Uses
      At line 146 in file C:\Keil_v5\ARM\PACK\Keil\SC32F58xx_DFP\1.3.0\Device\S
ource\ARM\startup_SC32F58128.s
Comment: DUAL_CORE_ID_ADDR used once
Heap_Size 00000100

Symbol: Heap_Size
   Definitions
      At line 57 in file C:\Keil_v5\ARM\PACK\Keil\SC32F58xx_DFP\1.3.0\Device\So
urce\ARM\startup_SC32F58128.s
   Uses
      At line 61 in file C:\Keil_v5\ARM\PACK\Keil\SC32F58xx_DFP\1.3.0\Device\So
urce\ARM\startup_SC32F58128.s
      At line 291 in file C:\Keil_v5\ARM\PACK\Keil\SC32F58xx_DFP\1.3.0\Device\S
ource\ARM\startup_SC32F58128.s

IS_CORE1 58128C01

Symbol: IS_CORE1
   Definitions
      At line 135 in file C:\Keil_v5\ARM\PACK\Keil\SC32F58xx_DFP\1.3.0\Device\S
ource\ARM\startup_SC32F58128.s
   Uses
      At line 149 in file C:\Keil_v5\ARM\PACK\Keil\SC32F58xx_DFP\1.3.0\Device\S
ource\ARM\startup_SC32F58128.s
Comment: IS_CORE1 used once
MSP_OFFSET 00000400

Symbol: MSP_OFFSET
   Definitions
      At line 136 in file C:\Keil_v5\ARM\PACK\Keil\SC32F58xx_DFP\1.3.0\Device\S
ource\ARM\startup_SC32F58128.s
   Uses
      At line 164 in file C:\Keil_v5\ARM\PACK\Keil\SC32F58xx_DFP\1.3.0\Device\S
ource\ARM\startup_SC32F58128.s
Comment: MSP_OFFSET used once
Stack_Size 00000300

Symbol: Stack_Size
   Definitions
      At line 46 in file C:\Keil_v5\ARM\PACK\Keil\SC32F58xx_DFP\1.3.0\Device\So
urce\ARM\startup_SC32F58128.s
   Uses



ARM Macro Assembler    Page 2 Alphabetic symbol ordering
Absolute symbols

      At line 49 in file C:\Keil_v5\ARM\PACK\Keil\SC32F58xx_DFP\1.3.0\Device\So
urce\ARM\startup_SC32F58128.s
      At line 290 in file C:\Keil_v5\ARM\PACK\Keil\SC32F58xx_DFP\1.3.0\Device\S
ource\ARM\startup_SC32F58128.s

__Vectors_Size 000000C0

Symbol: __Vectors_Size
   Definitions
      At line 129 in file C:\Keil_v5\ARM\PACK\Keil\SC32F58xx_DFP\1.3.0\Device\S
ource\ARM\startup_SC32F58128.s
   Uses
      At line 74 in file C:\Keil_v5\ARM\PACK\Keil\SC32F58xx_DFP\1.3.0\Device\So
urce\ARM\startup_SC32F58128.s
Comment: __Vectors_Size used once
7 symbols



ARM Macro Assembler    Page 1 Alphabetic symbol ordering
External symbols

SystemInit 00000000

Symbol: SystemInit
   Definitions
      At line 143 in file C:\Keil_v5\ARM\PACK\Keil\SC32F58xx_DFP\1.3.0\Device\S
ource\ARM\startup_SC32F58128.s
   Uses
      At line 170 in file C:\Keil_v5\ARM\PACK\Keil\SC32F58xx_DFP\1.3.0\Device\S
ource\ARM\startup_SC32F58128.s
Comment: SystemInit used once
__main 00000000

Symbol: __main
   Definitions
      At line 144 in file C:\Keil_v5\ARM\PACK\Keil\SC32F58xx_DFP\1.3.0\Device\S
ource\ARM\startup_SC32F58128.s
   Uses
      At line 172 in file C:\Keil_v5\ARM\PACK\Keil\SC32F58xx_DFP\1.3.0\Device\S
ource\ARM\startup_SC32F58128.s
Comment: __main used once
__use_two_region_memory 00000000

Symbol: __use_two_region_memory
   Definitions
      At line 285 in file C:\Keil_v5\ARM\PACK\Keil\SC32F58xx_DFP\1.3.0\Device\S
ource\ARM\startup_SC32F58128.s
   Uses
      None
Comment: __use_two_region_memory unused
main_c1 00000000

Symbol: main_c1
   Definitions
      At line 145 in file C:\Keil_v5\ARM\PACK\Keil\SC32F58xx_DFP\1.3.0\Device\S
ource\ARM\startup_SC32F58128.s
   Uses
      At line 168 in file C:\Keil_v5\ARM\PACK\Keil\SC32F58xx_DFP\1.3.0\Device\S
ource\ARM\startup_SC32F58128.s
Comment: main_c1 used once
4 symbols
400 symbols in table
